<?xml version="1.0" encoding="UTF-8"?>
<!-- Generated by org.testng.reporters.JUnitReportReporter -->
<testsuite hostname="IBM-PF44B55B" failures="0" tests="6" name="api.tests.DDTest" time="3.234" errors="0" timestamp="2023-12-20T18:17:00 EST" skipped="0">
  <testcase classname="api.tests.DDTest" name="testPostuser" time="2.139"/>
  <system-out/>
  <testcase classname="api.tests.DDTest" name="testPostuser" time="0.190"/>
  <system-out/>
  <testcase classname="api.tests.DDTest" name="testPostuser" time="0.177"/>
  <system-out/>
  <testcase classname="api.tests.DDTest" name="testDeleteUserByName" time="0.377"/>
  <system-out/>
  <testcase classname="api.tests.DDTest" name="testDeleteUserByName" time="0.178"/>
  <system-out/>
  <testcase classname="api.tests.DDTest" name="testDeleteUserByName" time="0.173"/>
  <system-out/>
</testsuite> <!-- api.tests.DDTest -->
