<?xml version="1.0" encoding="UTF-8"?>
<!-- Generated by org.testng.reporters.JUnitReportReporter -->
<testsuite hostname="IBM-PF44B55B" failures="0" tests="4" name="api.tests.UserTest2" time="2.658" errors="0" timestamp="2023-12-24T00:41:04 EST" skipped="0">
  <testcase classname="api.tests.UserTest2" name="testPostUser" time="1.899"/>
  <system-out/>
  <testcase classname="api.tests.UserTest2" name="testGetUserByName" time="0.243"/>
  <system-out/>
  <testcase classname="api.tests.UserTest2" name="testupdateUserByName" time="0.352"/>
  <system-out/>
  <testcase classname="api.tests.UserTest2" name="testDeleteUserByName" time="0.164"/>
  <system-out/>
</testsuite> <!-- api.tests.UserTest2 -->
