<?xml version="1.0" encoding="UTF-8"?>
<!-- Generated by org.testng.reporters.JUnitReportReporter -->
<testsuite hostname="IBM-PF44B55B" failures="0" tests="4" name="api.tests.UserTest" time="2.640" errors="0" timestamp="2023-12-21T18:53:53 EST" skipped="0">
  <testcase classname="api.tests.UserTest" name="testPostUser" time="1.874"/>
  <system-out/>
  <testcase classname="api.tests.UserTest" name="testGetUserByName" time="0.200"/>
  <system-out/>
  <testcase classname="api.tests.UserTest" name="testupdateUserByName" time="0.401"/>
  <system-out/>
  <testcase classname="api.tests.UserTest" name="testDeleteUserByName" time="0.165"/>
  <system-out/>
</testsuite> <!-- api.tests.UserTest -->
