<?xml version="1.0" encoding="UTF-8"?>
<!-- Generated by org.testng.reporters.JUnitReportReporter -->
<testsuite hostname="IBM-PF44B55B" failures="0" tests="4" name="api.tests.UserTest2" time="2.784" errors="0" timestamp="2023-12-24T12:26:26 EST" skipped="0">
  <testcase classname="api.tests.UserTest2" name="testPostUser" time="2.110"/>
  <system-out/>
  <testcase classname="api.tests.UserTest2" name="testGetUserByName" time="0.196"/>
  <system-out/>
  <testcase classname="api.tests.UserTest2" name="testupdateUserByName" time="0.324"/>
  <system-out/>
  <testcase classname="api.tests.UserTest2" name="testDeleteUserByName" time="0.154"/>
  <system-out/>
</testsuite> <!-- api.tests.UserTest2 -->
